<?xml version="1.0" encoding="UTF-8"?>
<!-- Generated by org.testng.reporters.JUnitReportReporter -->
<testsuite hostname="LAPTOP-93CIBO5F" failures="0" tests="6" name="actionsteps.Driver" time="120.456" errors="0" timestamp="2025-01-11T11:41:31 IST" skipped="0">
  <testcase classname="actionsteps.Driver" name="TC_001_Run" time="0.261"/>
  <system-out>
Passed --> Input Jobs And Email Recipient Read Successfully  </system-out>
  <testcase classname="actionsteps.Driver" name="TC_002_Run" time="18.096"/>
  <system-out>
Passed --> Website nakridotcom launched successfully Info --> Job Search For : uft automation Pune Info --> Job Results For uft automation Pune  </system-out>
  <testcase classname="actionsteps.Driver" name="TC_002_Run" time="12.855"/>
  <system-out>
Passed --> Website nakridotcom launched successfully Info --> Job Search For : selenium testing Pune Info --> Job Results For selenium testing Pune  </system-out>
  <testcase classname="actionsteps.Driver" name="TC_003_Run" time="11.742"/>
  <system-out>
Passed --> Job Results Exported To Excel Info --> Summary Report Format Successfull Info --> Saving JobReportSummary by local date format Info --> Saved To E:\SeleniumProjects\NaukriApiMvn1\Automation\TestReport\JobSummaryReport_11-01-2025 11_39_21.xlsx  </system-out>
  <testcase classname="actionsteps.Driver" name="TC_004_Run" time="63.020"/>
  <system-out/>
  <testcase classname="actionsteps.Driver" name="TC_005_Run" time="14.482"/>
  <system-out>
Passed --> Email Sent Successfully  </system-out>
</testsuite> <!-- actionsteps.Driver -->
