<?xml version="1.0" encoding="UTF-8"?>
<!-- Generated by org.testng.reporters.JUnitReportReporter -->
<testsuite hostname="LAPTOP-93CIBO5F" failures="0" tests="1" name="actionsteps.DemoTestMail" time="0.006" errors="0" timestamp="2025-01-10T15:10:07 IST" skipped="0">
  <testcase classname="actionsteps.DemoTestMail" name="g" time="0.006"/>
  <system-out/>
</testsuite> <!-- actionsteps.DemoTestMail -->
