<?xml version="1.0" encoding="UTF-8"?>
<!-- Generated by org.testng.reporters.JUnitReportReporter -->
<testsuite hostname="LAPTOP-93CIBO5F" failures="0" tests="5" name="actionsteps.Driver" time="41.001" errors="0" timestamp="2024-06-04T18:19:30 IST" skipped="0">
  <testcase classname="actionsteps.Driver" name="TC_001_Run" time="0.401"/>
  <system-out>
Info --> Test Start : TC_001_Run Passed --> Input Jobs Read Successfully Passed --> Test Success : TC_001_Run  </system-out>
  <testcase classname="actionsteps.Driver" name="TC_002_Run" time="6.911"/>
  <system-out>
Info --> Test Start : TC_002_Run Passed --> Website nakridotcom launched successfully Info --> Job Search For : uft automation Pune Info --> Job Results For uft automation Pune Passed --> Test Success : TC_002_Run  </system-out>
  <testcase classname="actionsteps.Driver" name="TC_002_Run" time="9.945"/>
  <system-out>
Info --> Test Start : TC_002_Run Passed --> Website nakridotcom launched successfully Info --> Job Search For : selenium testing Pune Info --> Job Results For selenium testing Pune Passed --> Test Success : TC_002_Run  </system-out>
  <testcase classname="actionsteps.Driver" name="TC_003_Run" time="11.139"/>
  <system-out>
Info --> Test Start : TC_003_Run Passed --> Job Results Exported To Excel Info --> Summary Report Format Successfull Info --> Saving JobReportSummary by local date format Info --> Saved To E:\SeleniumProjects\NaukriApiMvn1\Automation\TestReport\JobSummaryReport_04-06-2024 18_18_41.xlsx Passed --> Test Success : TC_003_Run  </system-out>
  <testcase classname="actionsteps.Driver" name="TC_004_Run" time="12.605"/>
  <system-out>
Info --> Test Start : TC_004_Run Passed --> Test Success : TC_004_Run  </system-out>
</testsuite> <!-- actionsteps.Driver -->
