<?xml version="1.0" encoding="UTF-8"?>
<!-- Generated by org.testng.reporters.JUnitReportReporter -->
<testsuite hostname="LAPTOP-93CIBO5F" failures="0" tests="8" name="actionsteps.Driver" time="256.317" errors="0" timestamp="2025-01-07T19:22:51 IST" skipped="0">
  <testcase classname="actionsteps.Driver" name="TC_001_Run" time="0.267"/>
  <system-out>
Passed --> Input Jobs Read Successfully  </system-out>
  <testcase classname="actionsteps.Driver" name="TC_002_Run" time="8.083"/>
  <system-out>
Passed --> Website nakridotcom launched successfully Info --> Job Search For : pharmacist Pune Info --> Job Results For pharmacist Pune  </system-out>
  <testcase classname="actionsteps.Driver" name="TC_002_Run" time="8.705"/>
  <system-out>
Passed --> Website nakridotcom launched successfully Info --> Job Search For : insurance Mumbai Info --> Job Results For insurance Mumbai  </system-out>
  <testcase classname="actionsteps.Driver" name="TC_002_Run" time="19.789"/>
  <system-out>
Passed --> Website nakridotcom launched successfully Info --> Job Search For : uft automation Pune Info --> Job Results For uft automation Pune  </system-out>
  <testcase classname="actionsteps.Driver" name="TC_002_Run" time="8.047"/>
  <system-out>
Passed --> Website nakridotcom launched successfully Info --> Job Search For : arts Pune Info --> Job Results For arts Pune  </system-out>
  <testcase classname="actionsteps.Driver" name="TC_002_Run" time="7.945"/>
  <system-out>
Passed --> Website nakridotcom launched successfully Info --> Job Search For : selenium testing Pune Info --> Job Results For selenium testing Pune  </system-out>
  <testcase classname="actionsteps.Driver" name="TC_003_Run" time="11.672"/>
  <system-out>
Passed --> Job Results Exported To Excel Info --> Summary Report Format Successfull Info --> Saving JobReportSummary by local date format Info --> Saved To E:\SeleniumProjects\NaukriApiMvn1\Automation\TestReport\JobSummaryReport_07-01-2025 19_18_23.xlsx  </system-out>
  <testcase classname="actionsteps.Driver" name="TC_004_Run" time="191.809"/>
  <system-out/>
</testsuite> <!-- actionsteps.Driver -->
