<?xml version="1.0" encoding="UTF-8"?>
<!-- Generated by org.testng.reporters.JUnitReportReporter -->
<testsuite hostname="LAPTOP-93CIBO5F" failures="0" tests="7" name="actionsteps.Driver" time="164.797" errors="0" timestamp="2025-01-10T15:33:00 IST" skipped="0">
  <testcase classname="actionsteps.Driver" name="TC_001_Run" time="0.250"/>
  <system-out>
Passed --> Input Jobs And Email Recipient Read Successfully  </system-out>
  <testcase classname="actionsteps.Driver" name="TC_002_Run" time="12.031"/>
  <system-out>
Passed --> Website nakridotcom launched successfully Info --> Job Search For : pharmacist Pune Info --> Job Results For pharmacist Pune  </system-out>
  <testcase classname="actionsteps.Driver" name="TC_002_Run" time="17.481"/>
  <system-out>
Passed --> Website nakridotcom launched successfully Info --> Job Search For : uft automation Pune Info --> Job Results For uft automation Pune  </system-out>
  <testcase classname="actionsteps.Driver" name="TC_002_Run" time="12.623"/>
  <system-out>
Passed --> Website nakridotcom launched successfully Info --> Job Search For : selenium testing Pune Info --> Job Results For selenium testing Pune  </system-out>
  <testcase classname="actionsteps.Driver" name="TC_003_Run" time="11.932"/>
  <system-out>
Passed --> Job Results Exported To Excel Info --> Summary Report Format Successfull Info --> Saving JobReportSummary by local date format Info --> Saved To E:\SeleniumProjects\NaukriApiMvn1\Automation\TestReport\JobSummaryReport_10-01-2025 15_30_08.xlsx  </system-out>
  <testcase classname="actionsteps.Driver" name="TC_004_Run" time="104.518"/>
  <system-out/>
  <testcase classname="actionsteps.Driver" name="TC_005_Run" time="5.962"/>
  <system-out>
Passed --> Email Sent Successfully  </system-out>
</testsuite> <!-- actionsteps.Driver -->
