<?xml version="1.0" encoding="UTF-8"?>
<!-- Generated by org.testng.reporters.JUnitReportReporter -->
<testsuite hostname="LAPTOP-93CIBO5F" failures="0" tests="6" name="actionsteps.Driver" time="149.801" errors="0" timestamp="2025-01-07T19:45:13 IST" skipped="0">
  <testcase classname="actionsteps.Driver" name="TC_001_Run" time="0.251">
    <system-out>
      <![CDATA[Info --> Test Start : TC_001_Run
Passed --> Input Jobs Read Successfully
Passed --> Test Success : TC_001_Run]]>
    </system-out>
  </testcase> <!-- TC_001_Run -->
  <testcase classname="actionsteps.Driver" name="TC_002_Run" time="16.746">
    <system-out>
      <![CDATA[Info --> Test Start : TC_002_Run
Passed --> Website nakridotcom launched successfully
Info --> Job Search For : uft automation Pune
Info --> Job Results For uft automation Pune
Passed --> Test Success : TC_002_Run]]>
    </system-out>
  </testcase> <!-- TC_002_Run -->
  <testcase classname="actionsteps.Driver" name="TC_002_Run" time="8.157">
    <system-out>
      <![CDATA[Info --> Test Start : TC_002_Run
Passed --> Website nakridotcom launched successfully
Info --> Job Search For : pharmacist Pune
Info --> Job Results For pharmacist Pune
Passed --> Test Success : TC_002_Run]]>
    </system-out>
  </testcase> <!-- TC_002_Run -->
  <testcase classname="actionsteps.Driver" name="TC_002_Run" time="8.172">
    <system-out>
      <![CDATA[Info --> Test Start : TC_002_Run
Passed --> Website nakridotcom launched successfully
Info --> Job Search For : selenium testing Pune
Info --> Job Results For selenium testing Pune
Passed --> Test Success : TC_002_Run]]>
    </system-out>
  </testcase> <!-- TC_002_Run -->
  <testcase classname="actionsteps.Driver" name="TC_003_Run" time="11.149">
    <system-out>
      <![CDATA[Info --> Test Start : TC_003_Run
Passed --> Job Results Exported To Excel
Info --> Summary Report Format Successfull
Info --> Saving JobReportSummary by local date format
Info --> Saved To E:\SeleniumProjects\NaukriApiMvn1\Automation\TestReport\JobSummaryReport_07-01-2025 19_42_31.xlsx
Passed --> Test Success : TC_003_Run]]>
    </system-out>
  </testcase> <!-- TC_003_Run -->
  <testcase classname="actionsteps.Driver" name="TC_004_Run" time="105.326">
    <system-out>
      <![CDATA[Info --> Test Start : TC_004_Run
Passed --> Test Success : TC_004_Run]]>
    </system-out>
  </testcase> <!-- TC_004_Run -->
  <system-out>
    <![CDATA[Info --> Config VBS File Read Successfully
Info --> Before Test : All Folders Created And Logger
Info --> Test Start : TC_001_Run
Passed --> Input Jobs Read Successfully
Passed --> Test Success : TC_001_Run
Info --> Test Start : TC_002_Run
Passed --> Website nakridotcom launched successfully
Info --> Job Search For : uft automation Pune
Info --> Job Results For uft automation Pune
Passed --> Test Success : TC_002_Run
Info --> Test Start : TC_002_Run
Passed --> Website nakridotcom launched successfully
Info --> Job Search For : selenium testing Pune
Info --> Job Results For selenium testing Pune
Passed --> Test Success : TC_002_Run
Info --> Test Start : TC_002_Run
Passed --> Website nakridotcom launched successfully
Info --> Job Search For : pharmacist Pune
Info --> Job Results For pharmacist Pune
Passed --> Test Success : TC_002_Run
Info --> Test Start : TC_003_Run
Passed --> Job Results Exported To Excel
Info --> Summary Report Format Successfull
Info --> Saving JobReportSummary by local date format
Info --> Saved To E:\SeleniumProjects\NaukriApiMvn1\Automation\TestReport\JobSummaryReport_07-01-2025 19_42_31.xlsx
Passed --> Test Success : TC_003_Run
Info --> Test Start : TC_004_Run
Passed --> Test Success : TC_004_Run
Info --> After Test : Driver Quit and Log Manager ShutDown
Info --> Execution Ends 2025-01-07T19:45:10.371777300
Info --> System Exit]]>
  </system-out>
</testsuite> <!-- actionsteps.Driver -->
