<?xml version="1.0" encoding="UTF-8"?>
<!-- Generated by org.testng.reporters.JUnitReportReporter -->
<testsuite hostname="LAPTOP-93CIBO5F" failures="0" tests="6" name="actionsteps.Driver" time="152.819" errors="0" timestamp="2025-01-10T15:41:16 IST" skipped="0">
  <testcase classname="actionsteps.Driver" name="TC_001_Run" time="0.425">
    <system-out>
      <![CDATA[Info --> Test Start : TC_001_Run
Passed --> Input Jobs And Email Recipient Read Successfully
Passed --> Test Success : TC_001_Run]]>
    </system-out>
  </testcase> <!-- TC_001_Run -->
  <testcase classname="actionsteps.Driver" name="TC_002_Run" time="13.217">
    <system-out>
      <![CDATA[Info --> Test Start : TC_002_Run
Passed --> Website nakridotcom launched successfully
Info --> Job Search For : selenium testing Pune
Info --> Job Results For selenium testing Pune
Passed --> Test Success : TC_002_Run]]>
    </system-out>
  </testcase> <!-- TC_002_Run -->
  <testcase classname="actionsteps.Driver" name="TC_002_Run" time="25.320">
    <system-out>
      <![CDATA[Info --> Test Start : TC_002_Run
Passed --> Website nakridotcom launched successfully
Info --> Job Search For : arts Pune
Info --> Job Results For arts Pune
Passed --> Test Success : TC_002_Run]]>
    </system-out>
  </testcase> <!-- TC_002_Run -->
  <testcase classname="actionsteps.Driver" name="TC_003_Run" time="11.867">
    <system-out>
      <![CDATA[Info --> Test Start : TC_003_Run
Passed --> Job Results Exported To Excel
Info --> Summary Report Format Successfull
Info --> Saving JobReportSummary by local date format
Info --> Saved To E:\SeleniumProjects\NaukriApiMvn1\Automation\TestReport\JobSummaryReport_10-01-2025 15_38_32.xlsx
Passed --> Test Success : TC_003_Run]]>
    </system-out>
  </testcase> <!-- TC_003_Run -->
  <testcase classname="actionsteps.Driver" name="TC_004_Run" time="95.996">
    <system-out>
      <![CDATA[Info --> Test Start : TC_004_Run
Passed --> Test Success : TC_004_Run]]>
    </system-out>
  </testcase> <!-- TC_004_Run -->
  <testcase classname="actionsteps.Driver" name="TC_005_Run" time="5.994">
    <system-out>
      <![CDATA[Info --> Test Start : TC_005_Run
Passed --> Email Sent Successfully
Passed --> Test Success : TC_005_Run]]>
    </system-out>
  </testcase> <!-- TC_005_Run -->
  <system-out>
    <![CDATA[Info --> Config VBS File Read Successfully
Info --> Before Test : All Folders Created And Logger
Info --> Test Start : TC_001_Run
Passed --> Input Jobs And Email Recipient Read Successfully
Passed --> Test Success : TC_001_Run
Info --> Test Start : TC_002_Run
Passed --> Website nakridotcom launched successfully
Info --> Job Search For : arts Pune
Info --> Job Results For arts Pune
Passed --> Test Success : TC_002_Run
Info --> Test Start : TC_002_Run
Passed --> Website nakridotcom launched successfully
Info --> Job Search For : selenium testing Pune
Info --> Job Results For selenium testing Pune
Passed --> Test Success : TC_002_Run
Info --> Test Start : TC_003_Run
Passed --> Job Results Exported To Excel
Info --> Summary Report Format Successfull
Info --> Saving JobReportSummary by local date format
Info --> Saved To E:\SeleniumProjects\NaukriApiMvn1\Automation\TestReport\JobSummaryReport_10-01-2025 15_38_32.xlsx
Passed --> Test Success : TC_003_Run
Info --> Test Start : TC_004_Run
Passed --> Test Success : TC_004_Run
Info --> Test Start : TC_005_Run
Passed --> Email Sent Successfully
Passed --> Test Success : TC_005_Run
Info --> After Test : Driver Quit and Log Manager ShutDown
Info --> Execution Ends 2025-01-10T15:41:12.528483100
Info --> System Exit]]>
  </system-out>
</testsuite> <!-- actionsteps.Driver -->
